#
# There is insufficient memory for the Java Runtime Environment to continue.
# Native memory allocation (malloc) failed to allocate 32744 bytes. Error detail: Chunk::new
# Possible reasons:
#   The system is out of physical RAM or swap space
#   This process is running with CompressedOops enabled, and the Java Heap may be blocking the growth of the native heap
# Possible solutions:
#   Reduce memory load on the system
#   Increase physical memory or swap space
#   Check if swap backing store is full
#   Decrease Java heap size (-Xmx/-Xms)
#   Decrease number of Java threads
#   Decrease Java thread stack sizes (-Xss)
#   Set larger code cache with -XX:ReservedCodeCacheSize=
#   JVM is running with Unscaled Compressed Oops mode in which the Java heap is
#     placed in the first 4GB address space. The Java Heap base address is the
#     maximum limit for the native heap growth. Please use -XX:HeapBaseMinAddress
#     to set the Java Heap base and to place the Java Heap above 4GB virtual address.
# This output file may be truncated or incomplete.
#
#  Out of Memory Error (arena.cpp:168), pid=25924, tid=28032
#
# JRE version: OpenJDK Runtime Environment Temurin-21.0.6+7 (21.0.6+7) (build 21.0.6+7-LTS)
# Java VM: OpenJDK 64-Bit Server VM Temurin-21.0.6+7 (21.0.6+7-LTS, mixed mode, sharing, tiered, compressed oops, compressed class ptrs, parallel gc, windows-amd64)
# No core dump will be written. Minidumps are not enabled by default on client versions of Windows
#

---------------  S U M M A R Y ------------

Command Line: --add-modules=ALL-SYSTEM --add-opens=java.base/java.util=ALL-UNNAMED --add-opens=java.base/java.lang=ALL-UNNAMED --add-opens=java.base/sun.nio.fs=ALL-UNNAMED -Declipse.application=org.eclipse.jdt.ls.core.id1 -Dosgi.bundles.defaultStartLevel=4 -Declipse.product=org.eclipse.jdt.ls.core.product -Djava.import.generatesMetadataFilesAtProjectRoot=false -DDetectVMInstallationsJob.disabled=true -Dfile.encoding=utf8 -XX:+UseParallelGC -XX:GCTimeRatio=4 -XX:AdaptiveSizePolicyWeight=90 -Dsun.zip.disableMemoryMapping=true -Xmx1G -Xms100m -Xlog:disable -javaagent:c:\Users\HP\.vscode\extensions\redhat.java-1.40.0-win32-x64\lombok\lombok-1.18.36.jar c:\Users\HP\.vscode\extensions\redhat.java-1.40.0-win32-x64\server\plugins\org.eclipse.equinox.launcher_1.6.1000.v20250131-0606.jar -configuration c:\Users\HP\AppData\Roaming\Code\User\globalStorage\redhat.java\1.40.0\config_ss_win -data c:\Users\HP\AppData\Roaming\Code\User\workspaceStorage\ac0d54de31b216151bfb240a2ee32f71\redhat.java\ss_ws --pipe=\\.\pipe\lsp-59c3078de91a30f6d11d24eb6f341743-sock

Host: Intel(R) Core(TM) i5-8350U CPU @ 1.70GHz, 8 cores, 7G,  Windows 10 , 64 bit Build 19041 (10.0.19041.4957)
Time: Mon Mar 17 21:32:47 2025 Maroc elapsed time: 16.515698 seconds (0d 0h 0m 16s)

---------------  T H R E A D  ---------------

Current thread (0x00000254a9ecd840):  JavaThread "C2 CompilerThread0" daemon [_thread_in_native, id=28032, stack(0x000000c373c00000,0x000000c373d00000) (1024K)]


Current CompileTask:
C2:16516 2252       4       lombok.patcher.PatchScript::classMatches (41 bytes)

Stack: [0x000000c373c00000,0x000000c373d00000]
Native frames: (J=compiled Java code, j=interpreted, Vv=VM code, C=native code)
V  [jvm.dll+0x6cdee9]
V  [jvm.dll+0x8a83d1]
V  [jvm.dll+0x8aa8fe]
V  [jvm.dll+0x8aafe3]
V  [jvm.dll+0x27f706]
V  [jvm.dll+0xc500d]
V  [jvm.dll+0xc5543]
V  [jvm.dll+0x6e0e2f]
V  [jvm.dll+0x6dda96]
V  [jvm.dll+0x1ca62c]
V  [jvm.dll+0x1cb1ac]
V  [jvm.dll+0x2f1cdc]
V  [jvm.dll+0x6e8512]
V  [jvm.dll+0x6e0503]
V  [jvm.dll+0x6dfc1e]
V  [jvm.dll+0x6ddd0c]
V  [jvm.dll+0x1ca62c]
V  [jvm.dll+0x2f1cdc]
V  [jvm.dll+0x6e8512]
V  [jvm.dll+0x6e0503]
V  [jvm.dll+0x6dfc1e]
V  [jvm.dll+0x6ddd0c]
V  [jvm.dll+0x1ca62c]
V  [jvm.dll+0x246b3e]
V  [jvm.dll+0x1c75ee]
V  [jvm.dll+0x25685a]
V  [jvm.dll+0x254dfa]
V  [jvm.dll+0x3f0256]
V  [jvm.dll+0x851f8b]
V  [jvm.dll+0x6cc5ed]
C  [ucrtbase.dll+0x21bb2]
C  [KERNEL32.DLL+0x17374]
C  [ntdll.dll+0x4cc91]


---------------  P R O C E S S  ---------------

Threads class SMR info:
_java_thread_list=0x00000254f100a3e0, length=17, elements={
0x00000254937d56a0, 0x00000254a9ebca50, 0x00000254a9ec1120, 0x00000254a9ec2f00,
0x00000254a9ec5d20, 0x00000254a9ec6ad0, 0x00000254a9ec8cd0, 0x00000254a9ecd840,
0x00000254a9ed0bd0, 0x0000025495b7b920, 0x00000254ecba7bf0, 0x00000254f15cbc30,
0x00000254f1415060, 0x00000254ecab5020, 0x00000254f13e5410, 0x00000254ecd04b60,
0x00000254f115bda0
}

Java Threads: ( => current thread )
  0x00000254937d56a0 JavaThread "main"                              [_thread_blocked, id=21396, stack(0x000000c373200000,0x000000c373300000) (1024K)]
  0x00000254a9ebca50 JavaThread "Reference Handler"          daemon [_thread_blocked, id=30672, stack(0x000000c373600000,0x000000c373700000) (1024K)]
  0x00000254a9ec1120 JavaThread "Finalizer"                  daemon [_thread_blocked, id=30064, stack(0x000000c373700000,0x000000c373800000) (1024K)]
  0x00000254a9ec2f00 JavaThread "Signal Dispatcher"          daemon [_thread_blocked, id=8756, stack(0x000000c373800000,0x000000c373900000) (1024K)]
  0x00000254a9ec5d20 JavaThread "Attach Listener"            daemon [_thread_blocked, id=12620, stack(0x000000c373900000,0x000000c373a00000) (1024K)]
  0x00000254a9ec6ad0 JavaThread "Service Thread"             daemon [_thread_blocked, id=14296, stack(0x000000c373a00000,0x000000c373b00000) (1024K)]
  0x00000254a9ec8cd0 JavaThread "Monitor Deflation Thread"   daemon [_thread_blocked, id=13396, stack(0x000000c373b00000,0x000000c373c00000) (1024K)]
=>0x00000254a9ecd840 JavaThread "C2 CompilerThread0"         daemon [_thread_in_native, id=28032, stack(0x000000c373c00000,0x000000c373d00000) (1024K)]
  0x00000254a9ed0bd0 JavaThread "C1 CompilerThread0"         daemon [_thread_blocked, id=23512, stack(0x000000c373d00000,0x000000c373e00000) (1024K)]
  0x0000025495b7b920 JavaThread "Common-Cleaner"             daemon [_thread_blocked, id=16312, stack(0x000000c373e00000,0x000000c373f00000) (1024K)]
  0x00000254ecba7bf0 JavaThread "Notification Thread"        daemon [_thread_blocked, id=22776, stack(0x000000c373f00000,0x000000c374000000) (1024K)]
  0x00000254f15cbc30 JavaThread "Active Thread: Equinox Container: 18843b3f-9853-4200-a036-963500abc7de"        [_thread_blocked, id=17804, stack(0x000000c374700000,0x000000c374800000) (1024K)]
  0x00000254f1415060 JavaThread "Framework Event Dispatcher: Equinox Container: 18843b3f-9853-4200-a036-963500abc7de" daemon [_thread_blocked, id=25940, stack(0x000000c374600000,0x000000c374700000) (1024K)]
  0x00000254ecab5020 JavaThread "Start Level: Equinox Container: 18843b3f-9853-4200-a036-963500abc7de" daemon [_thread_in_vm, id=4724, stack(0x000000c374800000,0x000000c374900000) (1024K)]
  0x00000254f13e5410 JavaThread "SCR Component Actor"        daemon [_thread_blocked, id=20612, stack(0x000000c374900000,0x000000c374a00000) (1024K)]
  0x00000254ecd04b60 JavaThread "SCR Component Registry"     daemon [_thread_blocked, id=12124, stack(0x000000c374b00000,0x000000c374c00000) (1024K)]
  0x00000254f115bda0 JavaThread "Worker-JM"                         [_thread_blocked, id=4252, stack(0x000000c374c00000,0x000000c374d00000) (1024K)]
Total: 17

Other Threads:
  0x00000254a9eb2780 VMThread "VM Thread"                           [id=27720, stack(0x000000c373500000,0x000000c373600000) (1024K)] _threads_hazard_ptr=0x00000254f100a3e0
  0x00000254a9decb30 WatcherThread "VM Periodic Task Thread"        [id=23528, stack(0x000000c373400000,0x000000c373500000) (1024K)]
  0x0000025495b2fb30 WorkerThread "GC Thread#0"                     [id=22096, stack(0x000000c373300000,0x000000c373400000) (1024K)]
  0x00000254f1457eb0 WorkerThread "GC Thread#1"                     [id=20260, stack(0x000000c374000000,0x000000c374100000) (1024K)]
  0x00000254ecce7b20 WorkerThread "GC Thread#2"                     [id=2620, stack(0x000000c374100000,0x000000c374200000) (1024K)]
  0x00000254f145a2d0 WorkerThread "GC Thread#3"                     [id=19740, stack(0x000000c374200000,0x000000c374300000) (1024K)]
  0x00000254f145a670 WorkerThread "GC Thread#4"                     [id=15808, stack(0x000000c374300000,0x000000c374400000) (1024K)]
  0x00000254f145aa10 WorkerThread "GC Thread#5"                     [id=29840, stack(0x000000c374400000,0x000000c374500000) (1024K)]
  0x00000254f145adb0 WorkerThread "GC Thread#6"                     [id=15456, stack(0x000000c374500000,0x000000c374600000) (1024K)]
  0x00000254ecc72a40 WorkerThread "GC Thread#7"                     [id=19360, stack(0x000000c374a00000,0x000000c374b00000) (1024K)]
Total: 10

Threads with active compile tasks:
C2 CompilerThread0  16643 2252       4       lombok.patcher.PatchScript::classMatches (41 bytes)
Total: 1

VM state: synchronizing (normal execution)

VM Mutex/Monitor currently owned by a thread:  ([mutex/lock_event])
[0x00007ff9c8e2e380] Threads_lock - owner thread: 0x00000254a9eb2780

OutOfMemory and StackOverflow Exception counts:
OutOfMemoryError java_heap_errors=1
LinkageErrors=35

Heap address: 0x00000000c0000000, size: 1024 MB, Compressed Oops mode: 32-bit

CDS archive(s) mapped at: [0x00000254aa000000-0x00000254aaba0000-0x00000254aaba0000), size 12189696, SharedBaseAddress: 0x00000254aa000000, ArchiveRelocationMode: 1.
Compressed class space mapped at: 0x00000254ab000000-0x00000254eb000000, reserved size: 1073741824
Narrow klass base: 0x00000254aa000000, Narrow klass shift: 0, Narrow klass range: 0x100000000

GC Precious Log:
 CardTable entry size: 512
 CPUs: 8 total, 8 available
 Memory: 8035M
 Large Page Support: Disabled
 NUMA Support: Disabled
 Compressed Oops: Enabled (32-bit)
 Alignments: Space 512K, Generation 512K, Heap 2M
 Heap Min Capacity: 100M
 Heap Initial Capacity: 100M
 Heap Max Capacity: 1G
 Pre-touch: Disabled
 Parallel Workers: 8

Heap:
 PSYoungGen      total 29696K, used 29690K [0x00000000eab00000, 0x00000000ecc00000, 0x0000000100000000)
  eden space 25600K, 100% used [0x00000000eab00000,0x00000000ec400000,0x00000000ec400000)
  from space 4096K, 99% used [0x00000000ec800000,0x00000000ecbfe938,0x00000000ecc00000)
  to   space 4096K, 0% used [0x00000000ec400000,0x00000000ec400000,0x00000000ec800000)
 ParOldGen       total 68608K, used 817K [0x00000000c0000000, 0x00000000c4300000, 0x00000000eab00000)
  object space 68608K, 1% used [0x00000000c0000000,0x00000000c00cc698,0x00000000c4300000)
 Metaspace       used 13036K, committed 13568K, reserved 1114112K
  class space    used 1322K, committed 1536K, reserved 1048576K

Card table byte_map: [0x00000254954c0000,0x00000254956d0000] _byte_map_base: 0x0000025494ec0000

Marking Bits: (ParMarkBitMap*) 0x00007ff9c8e33260
 Begin Bits: [0x00000254a7d10000, 0x00000254a8d10000)
 End Bits:   [0x00000254a8d10000, 0x00000254a9d10000)

Polling page: 0x00000254939d0000

Metaspace:

Usage:
  Non-class:     11.44 MB used.
      Class:      1.29 MB used.
       Both:     12.73 MB used.

Virtual space:
  Non-class space:       64.00 MB reserved,      11.75 MB ( 18%) committed,  1 nodes.
      Class space:        1.00 GB reserved,       1.50 MB ( <1%) committed,  1 nodes.
             Both:        1.06 GB reserved,      13.25 MB (  1%) committed. 

Chunk freelists:
   Non-Class:  4.17 MB
       Class:  14.47 MB
        Both:  18.64 MB

MaxMetaspaceSize: unlimited
CompressedClassSpaceSize: 1.00 GB
Initial GC threshold: 21.00 MB
Current GC threshold: 21.00 MB
CDS: on
 - commit_granule_bytes: 65536.
 - commit_granule_words: 8192.
 - virtual_space_node_default_size: 8388608.
 - enlarge_chunks_in_place: 1.
 - use_allocation_guard: 0.


Internal statistics:

num_allocs_failed_limit: 0.
num_arena_births: 376.
num_arena_deaths: 0.
num_vsnodes_births: 2.
num_vsnodes_deaths: 0.
num_space_committed: 212.
num_space_uncommitted: 0.
num_chunks_returned_to_freelist: 0.
num_chunks_taken_from_freelist: 812.
num_chunk_merges: 0.
num_chunk_splits: 522.
num_chunks_enlarged: 324.
num_inconsistent_stats: 0.

CodeHeap 'non-profiled nmethods': size=120000Kb used=916Kb max_used=916Kb free=119083Kb
 bounds [0x00000254a07e0000, 0x00000254a0a50000, 0x00000254a7d10000]
CodeHeap 'profiled nmethods': size=120000Kb used=4268Kb max_used=4268Kb free=115731Kb
 bounds [0x0000025498d10000, 0x0000025499140000, 0x00000254a0240000]
CodeHeap 'non-nmethods': size=5760Kb used=1249Kb max_used=1270Kb free=4510Kb
 bounds [0x00000254a0240000, 0x00000254a04b0000, 0x00000254a07e0000]
 total_blobs=2771 nmethods=2253 adapters=424
 compilation: enabled
              stopped_count=0, restarted_count=0
 full_count=0

Compilation events (20 events):
Event: 15.944 Thread 0x00000254a9ecd840 2202   !   4       java.lang.ref.NativeReferenceQueue::poll (28 bytes)
Event: 15.945 Thread 0x00000254a9ed0bd0 nmethod 2245 0x0000025499136290 code [0x0000025499136500, 0x0000025499136e58]
Event: 15.946 Thread 0x00000254a9ed0bd0 2246       1       org.eclipse.core.runtime.Path::getSegments (5 bytes)
Event: 15.947 Thread 0x00000254a9ed0bd0 nmethod 2246 0x00000254a08c4210 code [0x00000254a08c43a0, 0x00000254a08c4468]
Event: 15.947 Thread 0x00000254a9ecd840 nmethod 2202 0x00000254a08c4510 code [0x00000254a08c46a0, 0x00000254a08c49a0]
Event: 15.947 Thread 0x00000254a9ecd840 2167       4       java.lang.invoke.MemberName::getReferenceKind (12 bytes)
Event: 15.947 Thread 0x00000254a9ed0bd0 2247       3       org.eclipse.core.internal.preferences.EclipsePreferences::checkRemoved (26 bytes)
Event: 15.947 Thread 0x00000254a9ecd840 nmethod 2167 0x00000254a08c4a90 code [0x00000254a08c4c20, 0x00000254a08c4cb0]
Event: 15.947 Thread 0x00000254a9ecd840 2222       4       org.lombokweb.asm.SymbolTable::get (13 bytes)
Event: 15.948 Thread 0x00000254a9ed0bd0 nmethod 2247 0x0000025499137310 code [0x00000254991374e0, 0x00000254991377e0]
Event: 15.949 Thread 0x00000254a9ecd840 nmethod 2222 0x00000254a08c4d90 code [0x00000254a08c4f20, 0x00000254a08c5020]
Event: 15.949 Thread 0x00000254a9ed0bd0 2248       3       java.lang.invoke.MethodHandles$Lookup$ClassFile::newInstanceNoCheck (11 bytes)
Event: 15.949 Thread 0x00000254a9ed0bd0 nmethod 2248 0x0000025499137910 code [0x0000025499137ac0, 0x0000025499137cf8]
Event: 15.950 Thread 0x00000254a9ed0bd0 2249       3       java.lang.invoke.MethodHandles$Lookup::makeHiddenClassDefiner (44 bytes)
Event: 15.951 Thread 0x00000254a9ed0bd0 nmethod 2249 0x0000025499137e10 code [0x0000025499138040, 0x0000025499138710]
Event: 15.951 Thread 0x00000254a9ed0bd0 2250       3       java.lang.invoke.AbstractValidatingLambdaMetafactory::isAdaptableTo (126 bytes)
Event: 15.952 Thread 0x00000254a9ed0bd0 nmethod 2250 0x0000025499138a10 code [0x0000025499138cc0, 0x0000025499139628]
Event: 15.952 Thread 0x00000254a9ed0bd0 2251       3       java.lang.invoke.MethodHandles$Lookup::makeHiddenClassDefiner (20 bytes)
Event: 15.952 Thread 0x00000254a9ed0bd0 nmethod 2251 0x0000025499139a10 code [0x0000025499139be0, 0x0000025499139ee8]
Event: 16.367 Thread 0x00000254a9ecd840 2252       4       lombok.patcher.PatchScript::classMatches (41 bytes)

GC Heap History (4 events):
Event: 2.770 GC heap before
{Heap before GC invocations=1 (full 0):
 PSYoungGen      total 29696K, used 25600K [0x00000000eab00000, 0x00000000ecc00000, 0x0000000100000000)
  eden space 25600K, 100% used [0x00000000eab00000,0x00000000ec400000,0x00000000ec400000)
  from space 4096K, 0% used [0x00000000ec800000,0x00000000ec800000,0x00000000ecc00000)
  to   space 4096K, 0% used [0x00000000ec400000,0x00000000ec400000,0x00000000ec800000)
 ParOldGen       total 68608K, used 0K [0x00000000c0000000, 0x00000000c4300000, 0x00000000eab00000)
  object space 68608K, 0% used [0x00000000c0000000,0x00000000c0000000,0x00000000c4300000)
 Metaspace       used 4344K, committed 4544K, reserved 1114112K
  class space    used 436K, committed 512K, reserved 1048576K
}
Event: 2.785 GC heap after
{Heap after GC invocations=1 (full 0):
 PSYoungGen      total 29696K, used 3182K [0x00000000eab00000, 0x00000000ecc00000, 0x0000000100000000)
  eden space 25600K, 0% used [0x00000000eab00000,0x00000000eab00000,0x00000000ec400000)
  from space 4096K, 77% used [0x00000000ec400000,0x00000000ec71baa0,0x00000000ec800000)
  to   space 4096K, 0% used [0x00000000ec800000,0x00000000ec800000,0x00000000ecc00000)
 ParOldGen       total 68608K, used 8K [0x00000000c0000000, 0x00000000c4300000, 0x00000000eab00000)
  object space 68608K, 0% used [0x00000000c0000000,0x00000000c0002000,0x00000000c4300000)
 Metaspace       used 4344K, committed 4544K, reserved 1114112K
  class space    used 436K, committed 512K, reserved 1048576K
}
Event: 14.780 GC heap before
{Heap before GC invocations=2 (full 0):
 PSYoungGen      total 29696K, used 28782K [0x00000000eab00000, 0x00000000ecc00000, 0x0000000100000000)
  eden space 25600K, 100% used [0x00000000eab00000,0x00000000ec400000,0x00000000ec400000)
  from space 4096K, 77% used [0x00000000ec400000,0x00000000ec71baa0,0x00000000ec800000)
  to   space 4096K, 0% used [0x00000000ec800000,0x00000000ec800000,0x00000000ecc00000)
 ParOldGen       total 68608K, used 8K [0x00000000c0000000, 0x00000000c4300000, 0x00000000eab00000)
  object space 68608K, 0% used [0x00000000c0000000,0x00000000c0002000,0x00000000c4300000)
 Metaspace       used 8188K, committed 8512K, reserved 1114112K
  class space    used 807K, committed 960K, reserved 1048576K
}
Event: 14.791 GC heap after
{Heap after GC invocations=2 (full 0):
 PSYoungGen      total 29696K, used 4090K [0x00000000eab00000, 0x00000000ecc00000, 0x0000000100000000)
  eden space 25600K, 0% used [0x00000000eab00000,0x00000000eab00000,0x00000000ec400000)
  from space 4096K, 99% used [0x00000000ec800000,0x00000000ecbfe938,0x00000000ecc00000)
  to   space 4096K, 0% used [0x00000000ec400000,0x00000000ec400000,0x00000000ec800000)
 ParOldGen       total 68608K, used 817K [0x00000000c0000000, 0x00000000c4300000, 0x00000000eab00000)
  object space 68608K, 1% used [0x00000000c0000000,0x00000000c00cc698,0x00000000c4300000)
 Metaspace       used 8188K, committed 8512K, reserved 1114112K
  class space    used 807K, committed 960K, reserved 1048576K
}

Dll operation events (11 events):
Event: 0.069 Loaded shared library c:\Users\HP\.vscode\extensions\redhat.java-1.40.0-win32-x64\jre\21.0.6-win32-x86_64\bin\java.dll
Event: 0.393 Loaded shared library c:\Users\HP\.vscode\extensions\redhat.java-1.40.0-win32-x64\jre\21.0.6-win32-x86_64\bin\zip.dll
Event: 0.451 Loaded shared library C:\Users\HP\.vscode\extensions\redhat.java-1.40.0-win32-x64\jre\21.0.6-win32-x86_64\bin\instrument.dll
Event: 0.467 Loaded shared library C:\Users\HP\.vscode\extensions\redhat.java-1.40.0-win32-x64\jre\21.0.6-win32-x86_64\bin\net.dll
Event: 0.475 Loaded shared library C:\Users\HP\.vscode\extensions\redhat.java-1.40.0-win32-x64\jre\21.0.6-win32-x86_64\bin\nio.dll
Event: 0.484 Loaded shared library C:\Users\HP\.vscode\extensions\redhat.java-1.40.0-win32-x64\jre\21.0.6-win32-x86_64\bin\zip.dll
Event: 0.528 Loaded shared library C:\Users\HP\.vscode\extensions\redhat.java-1.40.0-win32-x64\jre\21.0.6-win32-x86_64\bin\jimage.dll
Event: 0.835 Loaded shared library c:\Users\HP\.vscode\extensions\redhat.java-1.40.0-win32-x64\jre\21.0.6-win32-x86_64\bin\verify.dll
Event: 14.632 Loaded shared library C:\Users\HP\AppData\Roaming\Code\User\globalStorage\redhat.java\1.40.0\config_ss_win\org.eclipse.equinox.launcher\org.eclipse.equinox.launcher.win32.win32.x86_64_1.2.1200.v20250212-0927\eclipse_11909.dll
Event: 16.108 Loaded shared library C:\Users\HP\.vscode\extensions\redhat.java-1.40.0-win32-x64\jre\21.0.6-win32-x86_64\bin\management.dll
Event: 16.257 Loaded shared library C:\Users\HP\.vscode\extensions\redhat.java-1.40.0-win32-x64\jre\21.0.6-win32-x86_64\bin\management_ext.dll

Deoptimization events (20 events):
Event: 15.516 Thread 0x00000254ecab5020 DEOPT UNPACKING pc=0x00000254a0293aa2 sp=0x000000c3748f8a08 mode 2
Event: 15.516 Thread 0x00000254ecab5020 Uncommon trap: trap_request=0xffffffc6 fr.pc=0x00000254a08b2328 relative=0x00000000000004e8
Event: 15.516 Thread 0x00000254ecab5020 Uncommon trap: reason=bimorphic_or_optimized_type_check action=maybe_recompile pc=0x00000254a08b2328 method=java.io.DataInputStream.readUnsignedByte()I @ 4 c2
Event: 15.516 Thread 0x00000254ecab5020 DEOPT PACKING pc=0x00000254a08b2328 sp=0x000000c3748f8a30
Event: 15.516 Thread 0x00000254ecab5020 DEOPT UNPACKING pc=0x00000254a0293aa2 sp=0x000000c3748f8978 mode 2
Event: 15.516 Thread 0x00000254ecab5020 Uncommon trap: trap_request=0xffffffc6 fr.pc=0x00000254a08b2328 relative=0x00000000000004e8
Event: 15.516 Thread 0x00000254ecab5020 Uncommon trap: reason=bimorphic_or_optimized_type_check action=maybe_recompile pc=0x00000254a08b2328 method=java.io.DataInputStream.readUnsignedByte()I @ 4 c2
Event: 15.516 Thread 0x00000254ecab5020 DEOPT PACKING pc=0x00000254a08b2328 sp=0x000000c3748f8a30
Event: 15.516 Thread 0x00000254ecab5020 DEOPT UNPACKING pc=0x00000254a0293aa2 sp=0x000000c3748f8978 mode 2
Event: 15.516 Thread 0x00000254ecab5020 Uncommon trap: trap_request=0xffffffc6 fr.pc=0x00000254a08b2328 relative=0x00000000000004e8
Event: 15.516 Thread 0x00000254ecab5020 Uncommon trap: reason=bimorphic_or_optimized_type_check action=maybe_recompile pc=0x00000254a08b2328 method=java.io.DataInputStream.readUnsignedByte()I @ 4 c2
Event: 15.516 Thread 0x00000254ecab5020 DEOPT PACKING pc=0x00000254a08b2328 sp=0x000000c3748f8a30
Event: 15.516 Thread 0x00000254ecab5020 DEOPT UNPACKING pc=0x00000254a0293aa2 sp=0x000000c3748f8978 mode 2
Event: 15.883 Thread 0x00000254ecab5020 Uncommon trap: trap_request=0xffffff45 fr.pc=0x00000254a0828f2c relative=0x0000000000000fec
Event: 15.883 Thread 0x00000254ecab5020 Uncommon trap: reason=unstable_if action=reinterpret pc=0x00000254a0828f2c method=lombok.patcher.PatchScript.classMatches(Ljava/lang/String;Ljava/util/Collection;)Z @ 25 c2
Event: 15.883 Thread 0x00000254ecab5020 DEOPT PACKING pc=0x00000254a0828f2c sp=0x000000c3748f6fa0
Event: 15.883 Thread 0x00000254ecab5020 DEOPT UNPACKING pc=0x00000254a0293aa2 sp=0x000000c3748f6f60 mode 2
Event: 16.379 Thread 0x00000254ecab5020 Uncommon trap: trap_request=0xffffff45 fr.pc=0x00000254a087aa10 relative=0x0000000000000b30
Event: 16.379 Thread 0x00000254ecab5020 Uncommon trap: reason=unstable_if action=reinterpret pc=0x00000254a087aa10 method=java.util.HashMap.putVal(ILjava/lang/Object;Ljava/lang/Object;ZZ)Ljava/lang/Object; @ 236 c2
Event: 16.379 Thread 0x00000254ecab5020 DEOPT PACKING pc=0x00000254a087aa10 sp=0x000000c3748f90b0

Classes loaded (20 events):
Event: 16.357 Loading class java/lang/management/DefaultPlatformMBeanProvider$6
Event: 16.357 Loading class java/lang/management/DefaultPlatformMBeanProvider$6 done
Event: 16.357 Loading class java/lang/management/DefaultPlatformMBeanProvider$7
Event: 16.357 Loading class java/lang/management/DefaultPlatformMBeanProvider$7 done
Event: 16.358 Loading class java/lang/management/DefaultPlatformMBeanProvider$8
Event: 16.358 Loading class java/lang/management/DefaultPlatformMBeanProvider$8 done
Event: 16.358 Loading class sun/management/ManagementFactoryHelper$LoggingMXBeanAccess
Event: 16.367 Loading class sun/management/ManagementFactoryHelper$LoggingMXBeanAccess done
Event: 16.368 Loading class sun/management/ManagementFactoryHelper$LoggingMXBeanAccess$1
Event: 16.368 Loading class sun/management/ManagementFactoryHelper$LoggingMXBeanAccess$1 done
Event: 16.370 Loading class java/lang/management/DefaultPlatformMBeanProvider$9
Event: 16.370 Loading class java/lang/management/DefaultPlatformMBeanProvider$9 done
Event: 16.370 Loading class java/lang/management/DefaultPlatformMBeanProvider$10
Event: 16.371 Loading class java/lang/management/DefaultPlatformMBeanProvider$10 done
Event: 16.371 Loading class java/lang/management/DefaultPlatformMBeanProvider$11
Event: 16.371 Loading class java/lang/management/DefaultPlatformMBeanProvider$11 done
Event: 16.371 Loading class jdk/management/jfr/FlightRecorderMXBean
Event: 16.378 Loading class jdk/management/jfr/FlightRecorderMXBean done
Event: 16.378 Loading class jdk/management/jfr/internal/FlightRecorderMXBeanProvider$SingleMBeanComponent
Event: 16.379 Loading class jdk/management/jfr/internal/FlightRecorderMXBeanProvider$SingleMBeanComponent done

Classes unloaded (0 events):
No events

Classes redefined (0 events):
No events

Internal exceptions (20 events):
Event: 3.022 Thread 0x00000254937d56a0 Exception <a 'java/lang/NoSuchMethodError'{0x00000000ead822c0}: 'void java.lang.invoke.DirectMethodHandle$Holder.invokeStaticInit(java.lang.Object, java.lang.Object)'> (0x00000000ead822c0) 
thrown [s\src\hotspot\share\interpreter\linkResolver.cpp, line 773]
Event: 3.029 Thread 0x00000254937d56a0 Exception <a 'java/lang/NoSuchMethodError'{0x00000000ead89320}: 'int java.lang.invoke.DirectMethodHandle$Holder.invokeStaticInit(java.lang.Object, java.lang.Object)'> (0x00000000ead89320) 
thrown [s\src\hotspot\share\interpreter\linkResolver.cpp, line 773]
Event: 3.238 Thread 0x00000254937d56a0 Exception <a 'java/lang/NoSuchMethodError'{0x00000000eaec61d0}: 'void java.lang.invoke.DirectMethodHandle$Holder.invokeSpecial(java.lang.Object, java.lang.Object, java.lang.Object)'> (0x00000000eaec61d0) 
thrown [s\src\hotspot\share\interpreter\linkResolver.cpp, line 773]
Event: 4.080 Thread 0x00000254937d56a0 Exception <a 'java/lang/NoSuchMethodError'{0x00000000eb769ae0}: 'int java.lang.invoke.DirectMethodHandle$Holder.invokeVirtual(java.lang.Object, java.lang.Object)'> (0x00000000eb769ae0) 
thrown [s\src\hotspot\share\interpreter\linkResolver.cpp, line 773]
Event: 4.219 Thread 0x00000254937d56a0 Exception <a 'java/lang/NoSuchMethodError'{0x00000000ebaa2c08}: 'java.lang.Object java.lang.invoke.DirectMethodHandle$Holder.newInvokeSpecial(java.lang.Object, int, java.lang.Object)'> (0x00000000ebaa2c08) 
thrown [s\src\hotspot\share\interpreter\linkResolver.cpp, line 773]
Event: 4.268 Thread 0x00000254937d56a0 Exception <a 'java/lang/NoSuchMethodError'{0x00000000ebc37610}: 'java.lang.Object java.lang.invoke.DirectMethodHandle$Holder.newInvokeSpecial(java.lang.Object, java.lang.Object, java.lang.Object, java.lang.Object, int, java.lang.Object)'> (0x00000000ebc37610) 
thrown [s\src\hotspot\share\interpreter\linkResolver.cpp, line 773]
Event: 14.622 Thread 0x00000254937d56a0 Exception <a 'java/lang/UnsatisfiedLinkError'{0x00000000ec0b8f50}: 'void org.eclipse.equinox.launcher.JNIBridge._update_splash()'> (0x00000000ec0b8f50) 
thrown [s\src\hotspot\share\prims\nativeLookup.cpp, line 415]
Event: 14.812 Thread 0x00000254ecab5020 Exception <a 'java/lang/NullPointerException'{0x00000000eabd7178}> (0x00000000eabd7178) 
thrown [s\src\hotspot\share\interpreter\linkResolver.cpp, line 1372]
Event: 14.812 Thread 0x00000254ecab5020 Exception <a 'java/lang/NullPointerException'{0x00000000eabd7458}> (0x00000000eabd7458) 
thrown [s\src\hotspot\share\interpreter\linkResolver.cpp, line 1372]
Event: 15.200 Thread 0x00000254ecab5020 Exception <a 'java/io/FileNotFoundException'{0x00000000eb721678}> (0x00000000eb721678) 
thrown [s\src\hotspot\share\prims\jni.cpp, line 520]
Event: 15.373 Thread 0x00000254ecab5020 Exception <a 'java/lang/NoSuchMethodError'{0x00000000eba18d18}: 'java.lang.Object java.lang.invoke.Invokers$Holder.linkToTargetMethod(java.lang.Object, long, java.lang.Object)'> (0x00000000eba18d18) 
thrown [s\src\hotspot\share\interpreter\linkResolver.cpp, line 773]
Event: 15.567 Thread 0x00000254ecab5020 Exception <a 'java/lang/NoSuchMethodError'{0x00000000ebdb8dd0}: 'void java.lang.invoke.DirectMethodHandle$Holder.invokeInterface(java.lang.Object, java.lang.Object, java.lang.Object)'> (0x00000000ebdb8dd0) 
thrown [s\src\hotspot\share\interpreter\linkResolver.cpp, line 773]
Event: 15.637 Thread 0x00000254ecab5020 Exception <a 'java/lang/NoSuchMethodError'{0x00000000ebfb37e0}: 'void java.lang.invoke.Invokers$Holder.invokeExact_MT(java.lang.Object, java.lang.Object, java.lang.Object)'> (0x00000000ebfb37e0) 
thrown [s\src\hotspot\share\interpreter\linkResolver.cpp, line 773]
Event: 15.921 Thread 0x00000254ecab5020 Exception <a 'java/lang/NoSuchMethodError'{0x00000000ec279938}: 'java.lang.Object java.lang.invoke.DirectMethodHandle$Holder.invokeVirtual(java.lang.Object, java.lang.Object, java.lang.Object)'> (0x00000000ec279938) 
thrown [s\src\hotspot\share\interpreter\linkResolver.cpp, line 773]
Event: 15.927 Thread 0x00000254ecab5020 Exception <a 'java/lang/NoSuchMethodError'{0x00000000ec291fb8}: 'java.lang.Object java.lang.invoke.DelegatingMethodHandle$Holder.reinvoke_L(java.lang.Object, java.lang.Object, java.lang.Object, java.lang.Object, int, int)'> (0x00000000ec291fb8) 
thrown [s\src\hotspot\share\interpreter\linkResolver.cpp, line 773]
Event: 15.934 Thread 0x00000254ecab5020 Exception <a 'java/lang/NoSuchMethodError'{0x00000000ec2aee08}: 'java.lang.Object java.lang.invoke.DirectMethodHandle$Holder.newInvokeSpecial(java.lang.Object, java.lang.Object, java.lang.Object, java.lang.Object, java.lang.Object, java.lang.Object)'> (0x00000000ec2aee08) 
thrown [s\src\hotspot\share\interpreter\linkResolver.cpp, line 773]
Event: 15.938 Thread 0x00000254ecab5020 Exception <a 'java/lang/OutOfMemoryError'{0x00000000ec2c3fe0}> (0x00000000ec2c3fe0) 
thrown [s\src\hotspot\share\prims\jni.cpp, line 539]
Event: 15.947 Thread 0x00000254ecab5020 Exception <a 'java/io/FileNotFoundException'{0x00000000ec2fd320}> (0x00000000ec2fd320) 
thrown [s\src\hotspot\share\prims\jni.cpp, line 520]
Event: 15.952 Thread 0x00000254ecab5020 Exception <a 'java/io/FileNotFoundException'{0x00000000ec31d508}> (0x00000000ec31d508) 
thrown [s\src\hotspot\share\prims\jni.cpp, line 520]
Event: 15.953 Thread 0x00000254ecab5020 Exception <a 'java/io/FileNotFoundException'{0x00000000ec324c68}> (0x00000000ec324c68) 
thrown [s\src\hotspot\share\prims\jni.cpp, line 520]

ZGC Phase Switch (0 events):
No events

VM Operations (20 events):
Event: 2.770 Executing VM operation: ParallelGCFailedAllocation (Allocation Failure)
Event: 2.785 Executing VM operation: ParallelGCFailedAllocation (Allocation Failure) done
Event: 3.796 Executing VM operation: Cleanup
Event: 3.796 Executing VM operation: Cleanup done
Event: 4.182 Executing VM operation: HandshakeAllThreads (Deoptimize)
Event: 4.182 Executing VM operation: HandshakeAllThreads (Deoptimize) done
Event: 4.200 Executing VM operation: HandshakeAllThreads (Deoptimize)
Event: 4.200 Executing VM operation: HandshakeAllThreads (Deoptimize) done
Event: 4.265 Executing VM operation: HandshakeAllThreads (Deoptimize)
Event: 4.265 Executing VM operation: HandshakeAllThreads (Deoptimize) done
Event: 5.267 Executing VM operation: Cleanup
Event: 5.267 Executing VM operation: Cleanup done
Event: 14.780 Executing VM operation: ParallelGCFailedAllocation (Allocation Failure)
Event: 14.791 Executing VM operation: ParallelGCFailedAllocation (Allocation Failure) done
Event: 14.807 Executing VM operation: HandshakeAllThreads (Deoptimize)
Event: 14.807 Executing VM operation: HandshakeAllThreads (Deoptimize) done
Event: 15.010 Executing VM operation: HandshakeAllThreads (Deoptimize)
Event: 15.010 Executing VM operation: HandshakeAllThreads (Deoptimize) done
Event: 15.517 Executing VM operation: HandshakeAllThreads (Deoptimize)
Event: 15.518 Executing VM operation: HandshakeAllThreads (Deoptimize) done

Memory protections (0 events):
No events

Nmethod flushes (0 events):
No events

Events (20 events):
Event: 0.201 Thread 0x00000254937d56a0 Thread added: 0x00000254a9ebca50
Event: 0.202 Thread 0x00000254937d56a0 Thread added: 0x00000254a9ec1120
Event: 0.202 Thread 0x00000254937d56a0 Thread added: 0x00000254a9ec2f00
Event: 0.203 Thread 0x00000254937d56a0 Thread added: 0x00000254a9ec5d20
Event: 0.203 Thread 0x00000254937d56a0 Thread added: 0x00000254a9ec6ad0
Event: 0.203 Thread 0x00000254937d56a0 Thread added: 0x00000254a9ec8cd0
Event: 0.203 Thread 0x00000254937d56a0 Thread added: 0x00000254a9ecd840
Event: 0.204 Thread 0x00000254937d56a0 Thread added: 0x00000254a9ed0bd0
Event: 0.300 Thread 0x00000254937d56a0 Thread added: 0x0000025495b7b920
Event: 1.106 Thread 0x00000254937d56a0 Thread added: 0x00000254ecba7bf0
Event: 1.342 Thread 0x00000254a9ed0bd0 Thread added: 0x00000254ecceca30
Event: 2.278 Thread 0x00000254ecceca30 Thread exited: 0x00000254ecceca30
Event: 3.414 Thread 0x00000254a9ed0bd0 Thread added: 0x00000254f171e7c0
Event: 4.160 Thread 0x00000254937d56a0 Thread added: 0x00000254f15cbc30
Event: 4.482 Thread 0x00000254f171e7c0 Thread exited: 0x00000254f171e7c0
Event: 14.613 Thread 0x00000254937d56a0 Thread added: 0x00000254f1415060
Event: 14.619 Thread 0x00000254937d56a0 Thread added: 0x00000254ecab5020
Event: 14.694 Thread 0x00000254ecab5020 Thread added: 0x00000254f13e5410
Event: 14.992 Thread 0x00000254ecab5020 Thread added: 0x00000254ecd04b60
Event: 15.579 Thread 0x00000254ecab5020 Thread added: 0x00000254f115bda0


Dynamic libraries:
0x00007ff71c8f0000 - 0x00007ff71c8fe000 	c:\Users\HP\.vscode\extensions\redhat.java-1.40.0-win32-x64\jre\21.0.6-win32-x86_64\bin\java.exe
0x00007ffa2fbf0000 - 0x00007ffa2fde8000 	C:\Windows\SYSTEM32\ntdll.dll
0x00007ffa2fae0000 - 0x00007ffa2fba2000 	C:\Windows\System32\KERNEL32.DLL
0x00007ffa2d320000 - 0x00007ffa2d61e000 	C:\Windows\System32\KERNELBASE.dll
0x00007ffa2db10000 - 0x00007ffa2dc10000 	C:\Windows\System32\ucrtbase.dll
0x00007ffa0f620000 - 0x00007ffa0f638000 	c:\Users\HP\.vscode\extensions\redhat.java-1.40.0-win32-x64\jre\21.0.6-win32-x86_64\bin\jli.dll
0x00007ffa17a40000 - 0x00007ffa17a5e000 	c:\Users\HP\.vscode\extensions\redhat.java-1.40.0-win32-x64\jre\21.0.6-win32-x86_64\bin\VCRUNTIME140.dll
0x00007ffa2dc70000 - 0x00007ffa2de0d000 	C:\Windows\System32\USER32.dll
0x00007ffa2d970000 - 0x00007ffa2d992000 	C:\Windows\System32\win32u.dll
0x00007ffa12020000 - 0x00007ffa122ba000 	C:\Windows\WinSxS\amd64_microsoft.windows.common-controls_6595b64144ccf1df_6.0.19041.4355_none_60b8b9eb71f62e16\COMCTL32.dll
0x00007ffa2f580000 - 0x00007ffa2f5ab000 	C:\Windows\System32\GDI32.dll
0x00007ffa2df90000 - 0x00007ffa2e02e000 	C:\Windows\System32\msvcrt.dll
0x00007ffa2d9a0000 - 0x00007ffa2dab7000 	C:\Windows\System32\gdi32full.dll
0x00007ffa2d8d0000 - 0x00007ffa2d96d000 	C:\Windows\System32\msvcp_win.dll
0x00007ffa2e540000 - 0x00007ffa2e56f000 	C:\Windows\System32\IMM32.DLL
0x00007ffa19f80000 - 0x00007ffa19f8c000 	c:\Users\HP\.vscode\extensions\redhat.java-1.40.0-win32-x64\jre\21.0.6-win32-x86_64\bin\vcruntime140_1.dll
0x00007ff9fcc50000 - 0x00007ff9fccdd000 	c:\Users\HP\.vscode\extensions\redhat.java-1.40.0-win32-x64\jre\21.0.6-win32-x86_64\bin\msvcp140.dll
0x00007ff9c8180000 - 0x00007ff9c8f10000 	c:\Users\HP\.vscode\extensions\redhat.java-1.40.0-win32-x64\jre\21.0.6-win32-x86_64\bin\server\jvm.dll
0x00007ffa2e9a0000 - 0x00007ffa2ea52000 	C:\Windows\System32\ADVAPI32.dll
0x00007ffa2def0000 - 0x00007ffa2df90000 	C:\Windows\System32\sechost.dll
0x00007ffa2e780000 - 0x00007ffa2e8a3000 	C:\Windows\System32\RPCRT4.dll
0x00007ffa2d830000 - 0x00007ffa2d857000 	C:\Windows\System32\bcrypt.dll
0x00007ffa2e030000 - 0x00007ffa2e09b000 	C:\Windows\System32\WS2_32.dll
0x00007ffa2d0f0000 - 0x00007ffa2d13b000 	C:\Windows\SYSTEM32\POWRPROF.dll
0x00007ffa28810000 - 0x00007ffa2881a000 	C:\Windows\SYSTEM32\VERSION.dll
0x00007ffa0e960000 - 0x00007ffa0e987000 	C:\Windows\SYSTEM32\WINMM.dll
0x00007ffa2d0d0000 - 0x00007ffa2d0e2000 	C:\Windows\SYSTEM32\UMPDC.dll
0x00007ffa2b110000 - 0x00007ffa2b122000 	C:\Windows\SYSTEM32\kernel.appcore.dll
0x00007ffa19e30000 - 0x00007ffa19e3a000 	c:\Users\HP\.vscode\extensions\redhat.java-1.40.0-win32-x64\jre\21.0.6-win32-x86_64\bin\jimage.dll
0x00007ffa0d1b0000 - 0x00007ffa0d394000 	C:\Windows\SYSTEM32\DBGHELP.DLL
0x00007ffa0d170000 - 0x00007ffa0d1a4000 	C:\Windows\SYSTEM32\dbgcore.DLL
0x00007ffa2d290000 - 0x00007ffa2d312000 	C:\Windows\System32\bcryptPrimitives.dll
0x00007ffa19df0000 - 0x00007ffa19dff000 	c:\Users\HP\.vscode\extensions\redhat.java-1.40.0-win32-x64\jre\21.0.6-win32-x86_64\bin\instrument.dll
0x00007ffa0e400000 - 0x00007ffa0e41f000 	c:\Users\HP\.vscode\extensions\redhat.java-1.40.0-win32-x64\jre\21.0.6-win32-x86_64\bin\java.dll
0x00007ffa2ed40000 - 0x00007ffa2f4af000 	C:\Windows\System32\SHELL32.dll
0x00007ffa2b310000 - 0x00007ffa2bab4000 	C:\Windows\SYSTEM32\windows.storage.dll
0x00007ffa2e0a0000 - 0x00007ffa2e3f3000 	C:\Windows\System32\combase.dll
0x00007ffa2cbf0000 - 0x00007ffa2cc1e000 	C:\Windows\SYSTEM32\Wldp.dll
0x00007ffa2f4b0000 - 0x00007ffa2f57d000 	C:\Windows\System32\OLEAUT32.dll
0x00007ffa2fa20000 - 0x00007ffa2facd000 	C:\Windows\System32\SHCORE.dll
0x00007ffa2dc10000 - 0x00007ffa2dc65000 	C:\Windows\System32\shlwapi.dll
0x00007ffa2d1c0000 - 0x00007ffa2d1e4000 	C:\Windows\SYSTEM32\profapi.dll
0x00007ffa0e190000 - 0x00007ffa0e1a8000 	c:\Users\HP\.vscode\extensions\redhat.java-1.40.0-win32-x64\jre\21.0.6-win32-x86_64\bin\zip.dll
0x00007ffa17ae0000 - 0x00007ffa17af0000 	C:\Users\HP\.vscode\extensions\redhat.java-1.40.0-win32-x64\jre\21.0.6-win32-x86_64\bin\net.dll
0x00007ffa25e70000 - 0x00007ffa25f7d000 	C:\Windows\SYSTEM32\WINHTTP.dll
0x00007ffa2c950000 - 0x00007ffa2c9ba000 	C:\Windows\system32\mswsock.dll
0x00007ffa0d0b0000 - 0x00007ffa0d0c6000 	C:\Users\HP\.vscode\extensions\redhat.java-1.40.0-win32-x64\jre\21.0.6-win32-x86_64\bin\nio.dll
0x00007ffa17a80000 - 0x00007ffa17a90000 	c:\Users\HP\.vscode\extensions\redhat.java-1.40.0-win32-x64\jre\21.0.6-win32-x86_64\bin\verify.dll
0x00007ff9f7a70000 - 0x00007ff9f7ab5000 	C:\Users\HP\AppData\Roaming\Code\User\globalStorage\redhat.java\1.40.0\config_ss_win\org.eclipse.equinox.launcher\org.eclipse.equinox.launcher.win32.win32.x86_64_1.2.1200.v20250212-0927\eclipse_11909.dll
0x00007ffa2e570000 - 0x00007ffa2e69b000 	C:\Windows\System32\ole32.dll
0x00007ffa17b20000 - 0x00007ffa17b2a000 	C:\Users\HP\.vscode\extensions\redhat.java-1.40.0-win32-x64\jre\21.0.6-win32-x86_64\bin\management.dll
0x00007ffa17b10000 - 0x00007ffa17b1b000 	C:\Users\HP\.vscode\extensions\redhat.java-1.40.0-win32-x64\jre\21.0.6-win32-x86_64\bin\management_ext.dll
0x00007ffa2fad0000 - 0x00007ffa2fad8000 	C:\Windows\System32\PSAPI.DLL

dbghelp: loaded successfully - version: 4.0.5 - missing functions: none
symbol engine: initialized successfully - sym options: 0x614 - pdb path: .;c:\Users\HP\.vscode\extensions\redhat.java-1.40.0-win32-x64\jre\21.0.6-win32-x86_64\bin;C:\Windows\SYSTEM32;C:\Windows\WinSxS\amd64_microsoft.windows.common-controls_6595b64144ccf1df_6.0.19041.4355_none_60b8b9eb71f62e16;c:\Users\HP\.vscode\extensions\redhat.java-1.40.0-win32-x64\jre\21.0.6-win32-x86_64\bin\server;C:\Users\HP\AppData\Roaming\Code\User\globalStorage\redhat.java\1.40.0\config_ss_win\org.eclipse.equinox.launcher\org.eclipse.equinox.launcher.win32.win32.x86_64_1.2.1200.v20250212-0927

VM Arguments:
jvm_args: --add-modules=ALL-SYSTEM --add-opens=java.base/java.util=ALL-UNNAMED --add-opens=java.base/java.lang=ALL-UNNAMED --add-opens=java.base/sun.nio.fs=ALL-UNNAMED -Declipse.application=org.eclipse.jdt.ls.core.id1 -Dosgi.bundles.defaultStartLevel=4 -Declipse.product=org.eclipse.jdt.ls.core.product -Djava.import.generatesMetadataFilesAtProjectRoot=false -DDetectVMInstallationsJob.disabled=true -Dfile.encoding=utf8 -XX:+UseParallelGC -XX:GCTimeRatio=4 -XX:AdaptiveSizePolicyWeight=90 -Dsun.zip.disableMemoryMapping=true -Xmx1G -Xms100m -Xlog:disable -javaagent:c:\Users\HP\.vscode\extensions\redhat.java-1.40.0-win32-x64\lombok\lombok-1.18.36.jar 
java_command: c:\Users\HP\.vscode\extensions\redhat.java-1.40.0-win32-x64\server\plugins\org.eclipse.equinox.launcher_1.6.1000.v20250131-0606.jar -configuration c:\Users\HP\AppData\Roaming\Code\User\globalStorage\redhat.java\1.40.0\config_ss_win -data c:\Users\HP\AppData\Roaming\Code\User\workspaceStorage\ac0d54de31b216151bfb240a2ee32f71\redhat.java\ss_ws --pipe=\\.\pipe\lsp-59c3078de91a30f6d11d24eb6f341743-sock
java_class_path (initial): c:\Users\HP\.vscode\extensions\redhat.java-1.40.0-win32-x64\server\plugins\org.eclipse.equinox.launcher_1.6.1000.v20250131-0606.jar
Launcher Type: SUN_STANDARD

[Global flags]
    uintx AdaptiveSizePolicyWeight                 = 90                                        {product} {command line}
     intx CICompilerCount                          = 4                                         {product} {ergonomic}
    uintx GCTimeRatio                              = 4                                         {product} {command line}
   size_t InitialHeapSize                          = 104857600                                 {product} {command line}
   size_t MaxHeapSize                              = 1073741824                                {product} {command line}
   size_t MaxNewSize                               = 357564416                                 {product} {ergonomic}
   size_t MinHeapDeltaBytes                        = 524288                                    {product} {ergonomic}
   size_t MinHeapSize                              = 104857600                                 {product} {command line}
   size_t NewSize                                  = 34603008                                  {product} {ergonomic}
    uintx NonNMethodCodeHeapSize                   = 5839372                                {pd product} {ergonomic}
    uintx NonProfiledCodeHeapSize                  = 122909434                              {pd product} {ergonomic}
   size_t OldSize                                  = 70254592                                  {product} {ergonomic}
    uintx ProfiledCodeHeapSize                     = 122909434                              {pd product} {ergonomic}
    uintx ReservedCodeCacheSize                    = 251658240                              {pd product} {ergonomic}
     bool SegmentedCodeCache                       = true                                      {product} {ergonomic}
   size_t SoftMaxHeapSize                          = 1073741824                             {manageable} {ergonomic}
     bool UseCompressedOops                        = true                           {product lp64_product} {ergonomic}
     bool UseLargePagesIndividualAllocation        = false                                  {pd product} {ergonomic}
     bool UseParallelGC                            = true                                      {product} {command line}

Logging:
Log output configuration:
 #0: stdout all=off uptime,level,tags foldmultilines=false
 #1: stderr all=off uptime,level,tags foldmultilines=false

Environment Variables:
PATH=C:\Program Files\Common Files\Oracle\Java\javapath;C:\Program Files (x86)\Common Files\Intel\Shared Libraries\redist\intel64\compiler;C:\Windows\system32;C:\Windows;C:\Windows\System32\Wbem;C:\Windows\System32\WindowsPowerShell\v1.0\;C:\Windows\System32\OpenSSH\;C:\Program Files\Git\cmd;C:\Program Files (x86)\Intel\Intel(R) Management Engine Components\DAL;C:\Program Files\Intel\Intel(R) Management Engine Components\DAL;C:\Program Files\nodejs\;%M2_HOME%\bin;C:\MinGW\bin;C:\Program Files (x86)\Bitvise SSH Client;C:\Users\HP\AppData\Local\Microsoft\WindowsApps;C:\Users\HP\AppData\Local\Programs\Microsoft VS Code\bin;C:\Users\HP\AppData\Roaming\npm;C:\Users\HP\Desktop\SpringBoot\apache-maven-3.9.9\bin;C:\MinGW\bin;
USERNAME=HP
OS=Windows_NT
PROCESSOR_IDENTIFIER=Intel64 Family 6 Model 142 Stepping 10, GenuineIntel
TMP=C:\Users\HP\AppData\Local\Temp
TEMP=C:\Users\HP\AppData\Local\Temp




Periodic native trim disabled

---------------  S Y S T E M  ---------------

OS:
 Windows 10 , 64 bit Build 19041 (10.0.19041.4957)
OS uptime: 46 days 0:56 hours

CPU: total 8 (initial active 8) (4 cores per cpu, 2 threads per core) family 6 model 142 stepping 10 microcode 0xf6, cx8, cmov, fxsr, ht, mmx, 3dnowpref, sse, sse2, sse3, ssse3, sse4.1, sse4.2, popcnt, lzcnt, tsc, tscinvbit, avx, avx2, aes, erms, clmul, bmi1, bmi2, rtm, adx, fma, vzeroupper, clflush, clflushopt, rdtscp, f16c
Processor Information for the first 8 processors :
  Max Mhz: 1896, Current Mhz: 1696, Mhz Limit: 1687

Memory: 4k page, system-wide physical 8035M (341M free)
TotalPageFile size 23255M (AvailPageFile size 68M)
current process WorkingSet (physical memory assigned to process): 96M, peak: 98M
current process commit charge ("private bytes"): 210M, peak: 213M

vm_info: OpenJDK 64-Bit Server VM (21.0.6+7-LTS) for windows-amd64 JRE (21.0.6+7-LTS), built on 2025-01-21T00:00:00Z by "admin" with MS VC++ 17.7 (VS2022)

END.
